This file contains any messages produced by compilers while
running configure, to aid debugging if configure makes a mistake.

It was created by Google C++ Testing Framework configure 1.5.0, which was
generated by GNU Autoconf 2.63.  Invocation command line was

  $ ./configure --disable-option-checking --prefix=/usr --sbindir=/sbin --localstatedir=/var --sysconfdir=/etc --with-debug --with-nss --with-radosgw --disable-static CFLAGS= -O0 -g -Wextra -Wno-missing-field-initializers -Wno-missing-declarations -Wno-unused-parameter CXXFLAGS=  -O0 -g -Wextra -Wno-missing-field-initializers -Wno-missing-declarations -Wno-unused-parameter --cache-file=/dev/null --srcdir=.

## --------- ##
## Platform. ##
## --------- ##

hostname = server-186
uname -m = x86_64
uname -r = 3.12.21-1.el6.x86_64
uname -s = Linux
uname -v = #1 SMP Thu Jun 5 22:15:05 EDT 2014

/usr/bin/uname -p = unknown
/bin/uname -X     = unknown

/bin/arch              = x86_64
/usr/bin/arch -k       = unknown
/usr/convex/getsysinfo = unknown
/usr/bin/hostinfo      = unknown
/bin/machine           = unknown
/usr/bin/oslevel       = unknown
/bin/universe          = unknown

PATH: /usr/local/sbin
PATH: /usr/local/bin
PATH: /sbin
PATH: /bin
PATH: /usr/sbin
PATH: /usr/bin
PATH: /root/bin


## ----------- ##
## Core tests. ##
## ----------- ##

configure:2107: checking for a BSD-compatible install
configure:2175: result: /usr/bin/install -c
configure:2186: checking whether build environment is sane
configure:2246: result: yes
configure:2387: checking for a thread-safe mkdir -p
configure:2426: result: /bin/mkdir -p
configure:2439: checking for gawk
configure:2455: found /bin/gawk
configure:2466: result: gawk
configure:2477: checking whether make sets $(MAKE)
configure:2499: result: yes
configure:2631: checking for gcc
configure:2647: found /usr/bin/gcc
configure:2658: result: gcc
configure:2890: checking for C compiler version
configure:2898: gcc --version >&5
gcc (GCC) 4.4.7 20120313 (Red Hat 4.4.7-11)
Copyright (C) 2010 Free Software Foundation, Inc.
This is free software; see the source for copying conditions.  There is NO
warranty; not even for MERCHANTABILITY or FITNESS FOR A PARTICULAR PURPOSE.

configure:2902: $? = 0
configure:2909: gcc -v >&5
Using built-in specs.
Target: x86_64-redhat-linux
Configured with: ../configure --prefix=/usr --mandir=/usr/share/man --infodir=/usr/share/info --with-bugurl=http://bugzilla.redhat.com/bugzilla --enable-bootstrap --enable-shared --enable-threads=posix --enable-checking=release --with-system-zlib --enable-__cxa_atexit --disable-libunwind-exceptions --enable-gnu-unique-object --enable-languages=c,c++,objc,obj-c++,java,fortran,ada --enable-java-awt=gtk --disable-dssi --with-java-home=/usr/lib/jvm/java-1.5.0-gcj-1.5.0.0/jre --enable-libgcj-multifile --enable-java-maintainer-mode --with-ecj-jar=/usr/share/java/eclipse-ecj.jar --disable-libjava-multilib --with-ppl --with-cloog --with-tune=generic --with-arch_32=i686 --build=x86_64-redhat-linux
Thread model: posix
gcc version 4.4.7 20120313 (Red Hat 4.4.7-11) (GCC) 
configure:2913: $? = 0
configure:2920: gcc -V >&5
gcc: '-V' option must have argument
configure:2924: $? = 1
configure:2947: checking for C compiler default output file name
configure:2969: gcc  -O0 -g -Wextra -Wno-missing-field-initializers -Wno-missing-declarations -Wno-unused-parameter   conftest.c  >&5
configure:2973: $? = 0
configure:3011: result: a.out
configure:3030: checking whether the C compiler works
configure:3040: ./a.out
configure:3044: $? = 0
configure:3063: result: yes
configure:3070: checking whether we are cross compiling
configure:3072: result: no
configure:3075: checking for suffix of executables
configure:3082: gcc -o conftest  -O0 -g -Wextra -Wno-missing-field-initializers -Wno-missing-declarations -Wno-unused-parameter   conftest.c  >&5
configure:3086: $? = 0
configure:3112: result: 
configure:3118: checking for suffix of object files
configure:3144: gcc -c  -O0 -g -Wextra -Wno-missing-field-initializers -Wno-missing-declarations -Wno-unused-parameter  conftest.c >&5
configure:3148: $? = 0
configure:3173: result: o
configure:3177: checking whether we are using the GNU C compiler
configure:3206: gcc -c  -O0 -g -Wextra -Wno-missing-field-initializers -Wno-missing-declarations -Wno-unused-parameter  conftest.c >&5
configure:3213: $? = 0
configure:3230: result: yes
configure:3239: checking whether gcc accepts -g
configure:3269: gcc -c -g  conftest.c >&5
configure:3276: $? = 0
configure:3377: result: yes
configure:3394: checking for gcc option to accept ISO C89
configure:3468: gcc  -c  -O0 -g -Wextra -Wno-missing-field-initializers -Wno-missing-declarations -Wno-unused-parameter  conftest.c >&5
configure:3475: $? = 0
configure:3498: result: none needed
configure:3527: checking for style of include used by make
configure:3555: result: GNU
configure:3580: checking dependency style of gcc
configure:3690: result: gcc3
configure:3763: checking for g++
configure:3779: found /usr/bin/g++
configure:3790: result: g++
configure:3817: checking for C++ compiler version
configure:3825: g++ --version >&5
g++ (GCC) 4.4.7 20120313 (Red Hat 4.4.7-11)
Copyright (C) 2010 Free Software Foundation, Inc.
This is free software; see the source for copying conditions.  There is NO
warranty; not even for MERCHANTABILITY or FITNESS FOR A PARTICULAR PURPOSE.

configure:3829: $? = 0
configure:3836: g++ -v >&5
Using built-in specs.
Target: x86_64-redhat-linux
Configured with: ../configure --prefix=/usr --mandir=/usr/share/man --infodir=/usr/share/info --with-bugurl=http://bugzilla.redhat.com/bugzilla --enable-bootstrap --enable-shared --enable-threads=posix --enable-checking=release --with-system-zlib --enable-__cxa_atexit --disable-libunwind-exceptions --enable-gnu-unique-object --enable-languages=c,c++,objc,obj-c++,java,fortran,ada --enable-java-awt=gtk --disable-dssi --with-java-home=/usr/lib/jvm/java-1.5.0-gcj-1.5.0.0/jre --enable-libgcj-multifile --enable-java-maintainer-mode --with-ecj-jar=/usr/share/java/eclipse-ecj.jar --disable-libjava-multilib --with-ppl --with-cloog --with-tune=generic --with-arch_32=i686 --build=x86_64-redhat-linux
Thread model: posix
gcc version 4.4.7 20120313 (Red Hat 4.4.7-11) (GCC) 
configure:3840: $? = 0
configure:3847: g++ -V >&5
g++: '-V' option must have argument
configure:3851: $? = 1
configure:3854: checking whether we are using the GNU C++ compiler
configure:3883: g++ -c   -O0 -g -Wextra -Wno-missing-field-initializers -Wno-missing-declarations -Wno-unused-parameter  conftest.cpp >&5
configure:3890: $? = 0
configure:3907: result: yes
configure:3916: checking whether g++ accepts -g
configure:3946: g++ -c -g  conftest.cpp >&5
configure:3953: $? = 0
configure:4054: result: yes
configure:4079: checking dependency style of g++
configure:4189: result: gcc3
configure:4241: checking build system type
configure:4259: result: x86_64-unknown-linux-gnu
configure:4281: checking host system type
configure:4296: result: x86_64-unknown-linux-gnu
configure:4318: checking for a sed that does not truncate output
configure:4384: result: /bin/sed
configure:4402: checking for grep that handles long lines and -e
configure:4462: result: /bin/grep
configure:4467: checking for egrep
configure:4531: result: /bin/grep -E
configure:4536: checking for fgrep
configure:4600: result: /bin/grep -F
configure:4635: checking for ld used by gcc
configure:4702: result: /usr/bin/ld
configure:4711: checking if the linker (/usr/bin/ld) is GNU ld
configure:4726: result: yes
configure:4738: checking for BSD- or MS-compatible name lister (nm)
configure:4787: result: /usr/bin/nm -B
configure:4905: checking the name lister (/usr/bin/nm -B) interface
configure:4912: g++ -c   -O0 -g -Wextra -Wno-missing-field-initializers -Wno-missing-declarations -Wno-unused-parameter  conftest.cpp >&5
configure:4915: /usr/bin/nm -B "conftest.o"
configure:4918: output
0000000000000000 B some_variable
configure:4925: result: BSD nm
configure:4928: checking whether ln -s works
configure:4932: result: yes
configure:4940: checking the maximum length of command line arguments
configure:5060: result: 1572864
configure:5077: checking whether the shell understands some XSI constructs
configure:5087: result: yes
configure:5091: checking whether the shell understands "+="
configure:5097: result: yes
configure:5132: checking for /usr/bin/ld option to reload object files
configure:5139: result: -r
configure:5208: checking for objdump
configure:5224: found /usr/bin/objdump
configure:5235: result: objdump
configure:5267: checking how to recognize dependent libraries
configure:5463: result: pass_all
configure:5523: checking for ar
configure:5539: found /usr/bin/ar
configure:5550: result: ar
configure:5628: checking for strip
configure:5644: found /usr/bin/strip
configure:5655: result: strip
configure:5727: checking for ranlib
configure:5743: found /usr/bin/ranlib
configure:5754: result: ranlib
configure:5844: checking command to parse /usr/bin/nm -B output from gcc object
configure:5962: g++ -c   -O0 -g -Wextra -Wno-missing-field-initializers -Wno-missing-declarations -Wno-unused-parameter  conftest.cpp >&5
configure:5965: $? = 0
configure:5969: /usr/bin/nm -B conftest.o \| sed -n -e 's/^.*[	 ]\([ABCDGIRSTW][ABCDGIRSTW]*\)[	 ][	 ]*\([_A-Za-z][_A-Za-z0-9]*\)$/\1 \2 \2/p' \> conftest.nm
configure:5972: $? = 0
configure:6026: g++ -o conftest   -O0 -g -Wextra -Wno-missing-field-initializers -Wno-missing-declarations -Wno-unused-parameter   conftest.cpp conftstm.o >&5
configure:6029: $? = 0
configure:6067: result: ok
configure:6163: g++ -c   -O0 -g -Wextra -Wno-missing-field-initializers -Wno-missing-declarations -Wno-unused-parameter  conftest.cpp >&5
configure:6166: $? = 0
configure:6934: checking how to run the C preprocessor
configure:6974: gcc -E  conftest.c
configure:6981: $? = 0
configure:7012: gcc -E  conftest.c
conftest.c:10:28: error: ac_nonexistent.h: No such file or directory
configure:7019: $? = 1
configure: failed program was:
| /* confdefs.h.  */
| #define PACKAGE_NAME "Google C++ Testing Framework"
| #define PACKAGE_TARNAME "gtest"
| #define PACKAGE_VERSION "1.5.0"
| #define PACKAGE_STRING "Google C++ Testing Framework 1.5.0"
| #define PACKAGE_BUGREPORT "googletestframework@googlegroups.com"
| #define PACKAGE "gtest"
| #define VERSION "1.5.0"
| /* end confdefs.h.  */
| #include <ac_nonexistent.h>
configure:7052: result: gcc -E
configure:7081: gcc -E  conftest.c
configure:7088: $? = 0
configure:7119: gcc -E  conftest.c
conftest.c:10:28: error: ac_nonexistent.h: No such file or directory
configure:7126: $? = 1
configure: failed program was:
| /* confdefs.h.  */
| #define PACKAGE_NAME "Google C++ Testing Framework"
| #define PACKAGE_TARNAME "gtest"
| #define PACKAGE_VERSION "1.5.0"
| #define PACKAGE_STRING "Google C++ Testing Framework 1.5.0"
| #define PACKAGE_BUGREPORT "googletestframework@googlegroups.com"
| #define PACKAGE "gtest"
| #define VERSION "1.5.0"
| /* end confdefs.h.  */
| #include <ac_nonexistent.h>
configure:7166: checking for ANSI C header files
configure:7196: gcc -c  -O0 -g -Wextra -Wno-missing-field-initializers -Wno-missing-declarations -Wno-unused-parameter  conftest.c >&5
configure:7203: $? = 0
configure:7302: gcc -o conftest  -O0 -g -Wextra -Wno-missing-field-initializers -Wno-missing-declarations -Wno-unused-parameter   conftest.c  >&5
configure:7306: $? = 0
configure:7312: ./conftest
configure:7316: $? = 0
configure:7334: result: yes
configure:7358: checking for sys/types.h
configure:7379: gcc -c  -O0 -g -Wextra -Wno-missing-field-initializers -Wno-missing-declarations -Wno-unused-parameter  conftest.c >&5
configure:7386: $? = 0
configure:7403: result: yes
configure:7358: checking for sys/stat.h
configure:7379: gcc -c  -O0 -g -Wextra -Wno-missing-field-initializers -Wno-missing-declarations -Wno-unused-parameter  conftest.c >&5
configure:7386: $? = 0
configure:7403: result: yes
configure:7358: checking for stdlib.h
configure:7379: gcc -c  -O0 -g -Wextra -Wno-missing-field-initializers -Wno-missing-declarations -Wno-unused-parameter  conftest.c >&5
configure:7386: $? = 0
configure:7403: result: yes
configure:7358: checking for string.h
configure:7379: gcc -c  -O0 -g -Wextra -Wno-missing-field-initializers -Wno-missing-declarations -Wno-unused-parameter  conftest.c >&5
configure:7386: $? = 0
configure:7403: result: yes
configure:7358: checking for memory.h
configure:7379: gcc -c  -O0 -g -Wextra -Wno-missing-field-initializers -Wno-missing-declarations -Wno-unused-parameter  conftest.c >&5
configure:7386: $? = 0
configure:7403: result: yes
configure:7358: checking for strings.h
configure:7379: gcc -c  -O0 -g -Wextra -Wno-missing-field-initializers -Wno-missing-declarations -Wno-unused-parameter  conftest.c >&5
configure:7386: $? = 0
configure:7403: result: yes
configure:7358: checking for inttypes.h
configure:7379: gcc -c  -O0 -g -Wextra -Wno-missing-field-initializers -Wno-missing-declarations -Wno-unused-parameter  conftest.c >&5
configure:7386: $? = 0
configure:7403: result: yes
configure:7358: checking for stdint.h
configure:7379: gcc -c  -O0 -g -Wextra -Wno-missing-field-initializers -Wno-missing-declarations -Wno-unused-parameter  conftest.c >&5
configure:7386: $? = 0
configure:7403: result: yes
configure:7358: checking for unistd.h
configure:7379: gcc -c  -O0 -g -Wextra -Wno-missing-field-initializers -Wno-missing-declarations -Wno-unused-parameter  conftest.c >&5
configure:7386: $? = 0
configure:7403: result: yes
configure:7421: checking for dlfcn.h
configure:7442: gcc -c  -O0 -g -Wextra -Wno-missing-field-initializers -Wno-missing-declarations -Wno-unused-parameter  conftest.c >&5
configure:7449: $? = 0
configure:7466: result: yes
configure:7593: checking for C++ compiler version
configure:7601: g++ --version >&5
g++ (GCC) 4.4.7 20120313 (Red Hat 4.4.7-11)
Copyright (C) 2010 Free Software Foundation, Inc.
This is free software; see the source for copying conditions.  There is NO
warranty; not even for MERCHANTABILITY or FITNESS FOR A PARTICULAR PURPOSE.

configure:7605: $? = 0
configure:7612: g++ -v >&5
Using built-in specs.
Target: x86_64-redhat-linux
Configured with: ../configure --prefix=/usr --mandir=/usr/share/man --infodir=/usr/share/info --with-bugurl=http://bugzilla.redhat.com/bugzilla --enable-bootstrap --enable-shared --enable-threads=posix --enable-checking=release --with-system-zlib --enable-__cxa_atexit --disable-libunwind-exceptions --enable-gnu-unique-object --enable-languages=c,c++,objc,obj-c++,java,fortran,ada --enable-java-awt=gtk --disable-dssi --with-java-home=/usr/lib/jvm/java-1.5.0-gcj-1.5.0.0/jre --enable-libgcj-multifile --enable-java-maintainer-mode --with-ecj-jar=/usr/share/java/eclipse-ecj.jar --disable-libjava-multilib --with-ppl --with-cloog --with-tune=generic --with-arch_32=i686 --build=x86_64-redhat-linux
Thread model: posix
gcc version 4.4.7 20120313 (Red Hat 4.4.7-11) (GCC) 
configure:7616: $? = 0
configure:7623: g++ -V >&5
g++: '-V' option must have argument
configure:7627: $? = 1
configure:7630: checking whether we are using the GNU C++ compiler
configure:7683: result: yes
configure:7692: checking whether g++ accepts -g
configure:7830: result: yes
configure:7855: checking dependency style of g++
configure:7965: result: gcc3
configure:7988: checking how to run the C++ preprocessor
configure:8024: g++ -E  conftest.cpp
configure:8031: $? = 0
configure:8062: g++ -E  conftest.cpp
conftest.cpp:21:28: error: ac_nonexistent.h: No such file or directory
configure:8069: $? = 1
configure: failed program was:
| /* confdefs.h.  */
| #define PACKAGE_NAME "Google C++ Testing Framework"
| #define PACKAGE_TARNAME "gtest"
| #define PACKAGE_VERSION "1.5.0"
| #define PACKAGE_STRING "Google C++ Testing Framework 1.5.0"
| #define PACKAGE_BUGREPORT "googletestframework@googlegroups.com"
| #define PACKAGE "gtest"
| #define VERSION "1.5.0"
| #define STDC_HEADERS 1
| #define HAVE_SYS_TYPES_H 1
| #define HAVE_SYS_STAT_H 1
| #define HAVE_STDLIB_H 1
| #define HAVE_STRING_H 1
| #define HAVE_MEMORY_H 1
| #define HAVE_STRINGS_H 1
| #define HAVE_INTTYPES_H 1
| #define HAVE_STDINT_H 1
| #define HAVE_UNISTD_H 1
| #define HAVE_DLFCN_H 1
| /* end confdefs.h.  */
| #include <ac_nonexistent.h>
configure:8102: result: g++ -E
configure:8131: g++ -E  conftest.cpp
configure:8138: $? = 0
configure:8169: g++ -E  conftest.cpp
conftest.cpp:21:28: error: ac_nonexistent.h: No such file or directory
configure:8176: $? = 1
configure: failed program was:
| /* confdefs.h.  */
| #define PACKAGE_NAME "Google C++ Testing Framework"
| #define PACKAGE_TARNAME "gtest"
| #define PACKAGE_VERSION "1.5.0"
| #define PACKAGE_STRING "Google C++ Testing Framework 1.5.0"
| #define PACKAGE_BUGREPORT "googletestframework@googlegroups.com"
| #define PACKAGE "gtest"
| #define VERSION "1.5.0"
| #define STDC_HEADERS 1
| #define HAVE_SYS_TYPES_H 1
| #define HAVE_SYS_STAT_H 1
| #define HAVE_STDLIB_H 1
| #define HAVE_STRING_H 1
| #define HAVE_MEMORY_H 1
| #define HAVE_STRINGS_H 1
| #define HAVE_INTTYPES_H 1
| #define HAVE_STDINT_H 1
| #define HAVE_UNISTD_H 1
| #define HAVE_DLFCN_H 1
| /* end confdefs.h.  */
| #include <ac_nonexistent.h>
configure:8390: checking for objdir
configure:8405: result: .libs
configure:8701: checking if gcc supports -fno-rtti -fno-exceptions
configure:8719: gcc -c  -O0 -g -Wextra -Wno-missing-field-initializers -Wno-missing-declarations -Wno-unused-parameter  -fno-rtti -fno-exceptions conftest.c >&5
cc1: warning: command line option "-fno-rtti" is valid for C++/ObjC++ but not for C
configure:8723: $? = 0
configure:8736: result: no
configure:8756: checking for gcc option to produce PIC
configure:9028: result: -fPIC -DPIC
configure:9040: checking if gcc PIC flag -fPIC -DPIC works
configure:9058: gcc -c  -O0 -g -Wextra -Wno-missing-field-initializers -Wno-missing-declarations -Wno-unused-parameter  -fPIC -DPIC -DPIC conftest.c >&5
configure:9062: $? = 0
configure:9075: result: yes
configure:9099: checking if gcc static flag -static works
configure:9127: result: no
configure:9142: checking if gcc supports -c -o file.o
configure:9163: gcc -c  -O0 -g -Wextra -Wno-missing-field-initializers -Wno-missing-declarations -Wno-unused-parameter  -o out/conftest2.o conftest.c >&5
configure:9167: $? = 0
configure:9189: result: yes
configure:9197: checking if gcc supports -c -o file.o
configure:9244: result: yes
configure:9277: checking whether the gcc linker (/usr/bin/ld -m elf_x86_64) supports shared libraries
configure:10351: result: yes
configure:10388: checking whether -lc should be explicitly linked in
configure:10393: gcc -c  -O0 -g -Wextra -Wno-missing-field-initializers -Wno-missing-declarations -Wno-unused-parameter  conftest.c >&5
configure:10396: $? = 0
configure:10411: gcc -shared conftest.o  -v -Wl,-soname -Wl,conftest -o conftest 2\>\&1 \| /bin/grep  -lc  \>/dev/null 2\>\&1
configure:10414: $? = 0
configure:10426: result: no
configure:10590: checking dynamic linker characteristics
configure:11033: gcc -o conftest  -O0 -g -Wextra -Wno-missing-field-initializers -Wno-missing-declarations -Wno-unused-parameter   -Wl,-rpath -Wl,/foo conftest.c  >&5
configure:11040: $? = 0
configure:11276: result: GNU/Linux ld.so
configure:11378: checking how to hardcode library paths into programs
configure:11403: result: immediate
configure:12236: checking whether stripping libraries is possible
configure:12241: result: yes
configure:12276: checking if libtool supports shared libraries
configure:12278: result: yes
configure:12281: checking whether to build shared libraries
configure:12302: result: yes
configure:12305: checking whether to build static libraries
configure:12309: result: no
configure:12459: checking for ld used by g++
configure:12526: result: /usr/bin/ld -m elf_x86_64
configure:12535: checking if the linker (/usr/bin/ld -m elf_x86_64) is GNU ld
configure:12550: result: yes
configure:12605: checking whether the g++ linker (/usr/bin/ld -m elf_x86_64) supports shared libraries
configure:13580: result: yes
configure:13608: g++ -c   -O0 -g -Wextra -Wno-missing-field-initializers -Wno-missing-declarations -Wno-unused-parameter  conftest.cpp >&5
configure:13611: $? = 0
configure:13793: checking for g++ option to produce PIC
configure:14110: result: -fPIC -DPIC
configure:14119: checking if g++ PIC flag -fPIC -DPIC works
configure:14137: g++ -c   -O0 -g -Wextra -Wno-missing-field-initializers -Wno-missing-declarations -Wno-unused-parameter  -fPIC -DPIC -DPIC conftest.cpp >&5
configure:14141: $? = 0
configure:14154: result: yes
configure:14175: checking if g++ static flag -static works
configure:14203: result: no
configure:14215: checking if g++ supports -c -o file.o
configure:14236: g++ -c   -O0 -g -Wextra -Wno-missing-field-initializers -Wno-missing-declarations -Wno-unused-parameter  -o out/conftest2.o conftest.cpp >&5
configure:14240: $? = 0
configure:14262: result: yes
configure:14267: checking if g++ supports -c -o file.o
configure:14314: result: yes
configure:14344: checking whether the g++ linker (/usr/bin/ld -m elf_x86_64) supports shared libraries
configure:14370: result: yes
configure:14507: checking dynamic linker characteristics
configure:14898: g++ -o conftest   -O0 -g -Wextra -Wno-missing-field-initializers -Wno-missing-declarations -Wno-unused-parameter   -Wl,-rpath -Wl,/foo conftest.cpp  >&5
configure:14905: $? = 0
configure:15141: result: GNU/Linux ld.so
configure:15192: checking how to hardcode library paths into programs
configure:15217: result: immediate
configure:15284: checking for python
configure:15302: found /usr/bin/python
configure:15315: result: /usr/bin/python
configure:15333: /usr/bin/python -c import sys # split strings by '.' and convert to numeric. Append some zeros # because we need at least 4 digits for the hex conversion. # map returns an iterator in Python 3.0 and a list in 2.x minver = list(map(int, '2.3'.split('.'))) + [0, 0, 0] minverhex = 0 # xrange is not present in Python 3.0 and range returns an iterator for i in list(range(0, 4)): minverhex = (minverhex << 8) + minver[i] sys.exit(sys.hexversion < minverhex)
configure:15336: $? = 0
configure:15562: checking for the pthreads library -lpthreads
configure:15605: gcc -o conftest  -O0 -g -Wextra -Wno-missing-field-initializers -Wno-missing-declarations -Wno-unused-parameter    conftest.c -lpthreads  >&5
conftest.c: In function 'main':
conftest.c:26: warning: 'th' is used uninitialized in this function
/usr/bin/ld: cannot find -lpthreads
collect2: ld returned 1 exit status
configure:15612: $? = 1
configure: failed program was:
| /* confdefs.h.  */
| #define PACKAGE_NAME "Google C++ Testing Framework"
| #define PACKAGE_TARNAME "gtest"
| #define PACKAGE_VERSION "1.5.0"
| #define PACKAGE_STRING "Google C++ Testing Framework 1.5.0"
| #define PACKAGE_BUGREPORT "googletestframework@googlegroups.com"
| #define PACKAGE "gtest"
| #define VERSION "1.5.0"
| #define STDC_HEADERS 1
| #define HAVE_SYS_TYPES_H 1
| #define HAVE_SYS_STAT_H 1
| #define HAVE_STDLIB_H 1
| #define HAVE_STRING_H 1
| #define HAVE_MEMORY_H 1
| #define HAVE_STRINGS_H 1
| #define HAVE_INTTYPES_H 1
| #define HAVE_STDINT_H 1
| #define HAVE_UNISTD_H 1
| #define HAVE_DLFCN_H 1
| #define LT_OBJDIR ".libs/"
| /* end confdefs.h.  */
| #include <pthread.h>
| int
| main ()
| {
| pthread_t th; pthread_join(th, 0);
|                      pthread_attr_init(0); pthread_cleanup_push(0, 0);
|                      pthread_create(0,0,0,0); pthread_cleanup_pop(0);
|   ;
|   return 0;
| }
configure:15635: result: no
configure:15507: checking whether pthreads work without any flags
configure:15605: gcc -o conftest  -O0 -g -Wextra -Wno-missing-field-initializers -Wno-missing-declarations -Wno-unused-parameter    conftest.c   >&5
conftest.c: In function 'main':
conftest.c:26: warning: 'th' is used uninitialized in this function
/tmp/ccCrkXEL.o: In function `main':
/mnt/ceph/src/gtest/conftest.c:26: undefined reference to `pthread_join'
/mnt/ceph/src/gtest/conftest.c:27: undefined reference to `__pthread_register_cancel'
/mnt/ceph/src/gtest/conftest.c:28: undefined reference to `pthread_create'
/mnt/ceph/src/gtest/conftest.c:28: undefined reference to `__pthread_unregister_cancel'
collect2: ld returned 1 exit status
configure:15612: $? = 1
configure: failed program was:
| /* confdefs.h.  */
| #define PACKAGE_NAME "Google C++ Testing Framework"
| #define PACKAGE_TARNAME "gtest"
| #define PACKAGE_VERSION "1.5.0"
| #define PACKAGE_STRING "Google C++ Testing Framework 1.5.0"
| #define PACKAGE_BUGREPORT "googletestframework@googlegroups.com"
| #define PACKAGE "gtest"
| #define VERSION "1.5.0"
| #define STDC_HEADERS 1
| #define HAVE_SYS_TYPES_H 1
| #define HAVE_SYS_STAT_H 1
| #define HAVE_STDLIB_H 1
| #define HAVE_STRING_H 1
| #define HAVE_MEMORY_H 1
| #define HAVE_STRINGS_H 1
| #define HAVE_INTTYPES_H 1
| #define HAVE_STDINT_H 1
| #define HAVE_UNISTD_H 1
| #define HAVE_DLFCN_H 1
| #define LT_OBJDIR ".libs/"
| /* end confdefs.h.  */
| #include <pthread.h>
| int
| main ()
| {
| pthread_t th; pthread_join(th, 0);
|                      pthread_attr_init(0); pthread_cleanup_push(0, 0);
|                      pthread_create(0,0,0,0); pthread_cleanup_pop(0);
|   ;
|   return 0;
| }
configure:15635: result: no
configure:15512: checking whether pthreads work with -Kthread
configure:15605: gcc -o conftest  -O0 -g -Wextra -Wno-missing-field-initializers -Wno-missing-declarations -Wno-unused-parameter -Kthread   conftest.c   >&5
gcc: unrecognized option '-Kthread'
conftest.c: In function 'main':
conftest.c:26: warning: 'th' is used uninitialized in this function
/tmp/cciirnWL.o: In function `main':
/mnt/ceph/src/gtest/conftest.c:26: undefined reference to `pthread_join'
/mnt/ceph/src/gtest/conftest.c:27: undefined reference to `__pthread_register_cancel'
/mnt/ceph/src/gtest/conftest.c:28: undefined reference to `pthread_create'
/mnt/ceph/src/gtest/conftest.c:28: undefined reference to `__pthread_unregister_cancel'
collect2: ld returned 1 exit status
configure:15612: $? = 1
configure: failed program was:
| /* confdefs.h.  */
| #define PACKAGE_NAME "Google C++ Testing Framework"
| #define PACKAGE_TARNAME "gtest"
| #define PACKAGE_VERSION "1.5.0"
| #define PACKAGE_STRING "Google C++ Testing Framework 1.5.0"
| #define PACKAGE_BUGREPORT "googletestframework@googlegroups.com"
| #define PACKAGE "gtest"
| #define VERSION "1.5.0"
| #define STDC_HEADERS 1
| #define HAVE_SYS_TYPES_H 1
| #define HAVE_SYS_STAT_H 1
| #define HAVE_STDLIB_H 1
| #define HAVE_STRING_H 1
| #define HAVE_MEMORY_H 1
| #define HAVE_STRINGS_H 1
| #define HAVE_INTTYPES_H 1
| #define HAVE_STDINT_H 1
| #define HAVE_UNISTD_H 1
| #define HAVE_DLFCN_H 1
| #define LT_OBJDIR ".libs/"
| /* end confdefs.h.  */
| #include <pthread.h>
| int
| main ()
| {
| pthread_t th; pthread_join(th, 0);
|                      pthread_attr_init(0); pthread_cleanup_push(0, 0);
|                      pthread_create(0,0,0,0); pthread_cleanup_pop(0);
|   ;
|   return 0;
| }
configure:15635: result: no
configure:15512: checking whether pthreads work with -kthread
configure:15605: gcc -o conftest  -O0 -g -Wextra -Wno-missing-field-initializers -Wno-missing-declarations -Wno-unused-parameter -kthread   conftest.c   >&5
gcc: unrecognized option '-kthread'
conftest.c: In function 'main':
conftest.c:26: warning: 'th' is used uninitialized in this function
/tmp/ccPuaQhP.o: In function `main':
/mnt/ceph/src/gtest/conftest.c:26: undefined reference to `pthread_join'
/mnt/ceph/src/gtest/conftest.c:27: undefined reference to `__pthread_register_cancel'
/mnt/ceph/src/gtest/conftest.c:28: undefined reference to `pthread_create'
/mnt/ceph/src/gtest/conftest.c:28: undefined reference to `__pthread_unregister_cancel'
collect2: ld returned 1 exit status
configure:15612: $? = 1
configure: failed program was:
| /* confdefs.h.  */
| #define PACKAGE_NAME "Google C++ Testing Framework"
| #define PACKAGE_TARNAME "gtest"
| #define PACKAGE_VERSION "1.5.0"
| #define PACKAGE_STRING "Google C++ Testing Framework 1.5.0"
| #define PACKAGE_BUGREPORT "googletestframework@googlegroups.com"
| #define PACKAGE "gtest"
| #define VERSION "1.5.0"
| #define STDC_HEADERS 1
| #define HAVE_SYS_TYPES_H 1
| #define HAVE_SYS_STAT_H 1
| #define HAVE_STDLIB_H 1
| #define HAVE_STRING_H 1
| #define HAVE_MEMORY_H 1
| #define HAVE_STRINGS_H 1
| #define HAVE_INTTYPES_H 1
| #define HAVE_STDINT_H 1
| #define HAVE_UNISTD_H 1
| #define HAVE_DLFCN_H 1
| #define LT_OBJDIR ".libs/"
| /* end confdefs.h.  */
| #include <pthread.h>
| int
| main ()
| {
| pthread_t th; pthread_join(th, 0);
|                      pthread_attr_init(0); pthread_cleanup_push(0, 0);
|                      pthread_create(0,0,0,0); pthread_cleanup_pop(0);
|   ;
|   return 0;
| }
configure:15635: result: no
configure:15562: checking for the pthreads library -llthread
configure:15605: gcc -o conftest  -O0 -g -Wextra -Wno-missing-field-initializers -Wno-missing-declarations -Wno-unused-parameter    conftest.c -llthread  >&5
conftest.c: In function 'main':
conftest.c:26: warning: 'th' is used uninitialized in this function
/usr/bin/ld: cannot find -llthread
collect2: ld returned 1 exit status
configure:15612: $? = 1
configure: failed program was:
| /* confdefs.h.  */
| #define PACKAGE_NAME "Google C++ Testing Framework"
| #define PACKAGE_TARNAME "gtest"
| #define PACKAGE_VERSION "1.5.0"
| #define PACKAGE_STRING "Google C++ Testing Framework 1.5.0"
| #define PACKAGE_BUGREPORT "googletestframework@googlegroups.com"
| #define PACKAGE "gtest"
| #define VERSION "1.5.0"
| #define STDC_HEADERS 1
| #define HAVE_SYS_TYPES_H 1
| #define HAVE_SYS_STAT_H 1
| #define HAVE_STDLIB_H 1
| #define HAVE_STRING_H 1
| #define HAVE_MEMORY_H 1
| #define HAVE_STRINGS_H 1
| #define HAVE_INTTYPES_H 1
| #define HAVE_STDINT_H 1
| #define HAVE_UNISTD_H 1
| #define HAVE_DLFCN_H 1
| #define LT_OBJDIR ".libs/"
| /* end confdefs.h.  */
| #include <pthread.h>
| int
| main ()
| {
| pthread_t th; pthread_join(th, 0);
|                      pthread_attr_init(0); pthread_cleanup_push(0, 0);
|                      pthread_create(0,0,0,0); pthread_cleanup_pop(0);
|   ;
|   return 0;
| }
configure:15635: result: no
configure:15512: checking whether pthreads work with -pthread
configure:15605: gcc -o conftest  -O0 -g -Wextra -Wno-missing-field-initializers -Wno-missing-declarations -Wno-unused-parameter -pthread   conftest.c   >&5
conftest.c: In function 'main':
conftest.c:26: warning: 'th' is used uninitialized in this function
configure:15612: $? = 0
configure:15635: result: yes
configure:15654: checking for joinable pthread attribute
configure:15679: gcc -o conftest  -O0 -g -Wextra -Wno-missing-field-initializers -Wno-missing-declarations -Wno-unused-parameter -pthread   conftest.c   >&5
configure:15686: $? = 0
configure:15706: result: PTHREAD_CREATE_JOINABLE
configure:15716: checking if more special flags are required for pthreads
configure:15723: result: no
configure:15812: checking whether to check for GCC pthread/shared inconsistencies
configure:15835: gcc -o conftest -shared -fPIC -Wl,-z,defs  -O0 -g -Wextra -Wno-missing-field-initializers -Wno-missing-declarations -Wno-unused-parameter -pthread   conftest.c   >&5
configure:15842: $? = 0
configure:15866: result: yes
configure:15872: checking whether -pthread is sufficient with -shared
configure:15897: gcc -o conftest -shared -fPIC -Wl,-z,defs  -O0 -g -Wextra -Wno-missing-field-initializers -Wno-missing-declarations -Wno-unused-parameter -pthread   conftest.c   >&5
conftest.c: In function 'main':
conftest.c:26: warning: 'th' is used uninitialized in this function
configure:15904: $? = 0
configure:15925: result: yes
configure:16286: creating ./config.status

## ---------------------- ##
## Running config.status. ##
## ---------------------- ##

This file was extended by Google C++ Testing Framework config.status 1.5.0, which was
generated by GNU Autoconf 2.63.  Invocation command line was

  CONFIG_FILES    = 
  CONFIG_HEADERS  = 
  CONFIG_LINKS    = 
  CONFIG_COMMANDS = 
  $ ./config.status 

on server-186

config.status:1056: creating Makefile
config.status:1056: creating scripts/gtest-config
config.status:1056: creating build-aux/config.h
config.status:1278: build-aux/config.h is unchanged
config.status:1330: executing depfiles commands
config.status:1330: executing libtool commands

## ---------------- ##
## Cache variables. ##
## ---------------- ##

ac_cv_build=x86_64-unknown-linux-gnu
ac_cv_c_compiler_gnu=yes
ac_cv_cxx_compiler_gnu=yes
ac_cv_env_CCC_set=
ac_cv_env_CCC_value=
ac_cv_env_CC_set=
ac_cv_env_CC_value=
ac_cv_env_CFLAGS_set=set
ac_cv_env_CFLAGS_value=' -O0 -g -Wextra -Wno-missing-field-initializers -Wno-missing-declarations -Wno-unused-parameter'
ac_cv_env_CPPFLAGS_set=
ac_cv_env_CPPFLAGS_value=
ac_cv_env_CPP_set=
ac_cv_env_CPP_value=
ac_cv_env_CXXCPP_set=
ac_cv_env_CXXCPP_value=
ac_cv_env_CXXFLAGS_set=set
ac_cv_env_CXXFLAGS_value='  -O0 -g -Wextra -Wno-missing-field-initializers -Wno-missing-declarations -Wno-unused-parameter'
ac_cv_env_CXX_set=
ac_cv_env_CXX_value=
ac_cv_env_LDFLAGS_set=
ac_cv_env_LDFLAGS_value=
ac_cv_env_LIBS_set=
ac_cv_env_LIBS_value=
ac_cv_env_build_alias_set=
ac_cv_env_build_alias_value=
ac_cv_env_host_alias_set=
ac_cv_env_host_alias_value=
ac_cv_env_target_alias_set=
ac_cv_env_target_alias_value=
ac_cv_header_dlfcn_h=yes
ac_cv_header_inttypes_h=yes
ac_cv_header_memory_h=yes
ac_cv_header_stdc=yes
ac_cv_header_stdint_h=yes
ac_cv_header_stdlib_h=yes
ac_cv_header_string_h=yes
ac_cv_header_strings_h=yes
ac_cv_header_sys_stat_h=yes
ac_cv_header_sys_types_h=yes
ac_cv_header_unistd_h=yes
ac_cv_host=x86_64-unknown-linux-gnu
ac_cv_objext=o
ac_cv_path_EGREP='/bin/grep -E'
ac_cv_path_FGREP='/bin/grep -F'
ac_cv_path_GREP=/bin/grep
ac_cv_path_PYTHON=/usr/bin/python
ac_cv_path_SED=/bin/sed
ac_cv_path_install='/usr/bin/install -c'
ac_cv_path_mkdir=/bin/mkdir
ac_cv_prog_AWK=gawk
ac_cv_prog_CPP='gcc -E'
ac_cv_prog_CXXCPP='g++ -E'
ac_cv_prog_ac_ct_AR=ar
ac_cv_prog_ac_ct_CC=gcc
ac_cv_prog_ac_ct_CXX=g++
ac_cv_prog_ac_ct_OBJDUMP=objdump
ac_cv_prog_ac_ct_RANLIB=ranlib
ac_cv_prog_ac_ct_STRIP=strip
ac_cv_prog_cc_c89=
ac_cv_prog_cc_g=yes
ac_cv_prog_cxx_g=yes
ac_cv_prog_make_make_set=yes
am_cv_CC_dependencies_compiler_type=gcc3
am_cv_CXX_dependencies_compiler_type=gcc3
lt_cv_deplibs_check_method=pass_all
lt_cv_file_magic_cmd='$MAGIC_CMD'
lt_cv_file_magic_test_file=
lt_cv_ld_reload_flag=-r
lt_cv_nm_interface='BSD nm'
lt_cv_objdir=.libs
lt_cv_path_LD=/usr/bin/ld
lt_cv_path_LDCXX='/usr/bin/ld -m elf_x86_64'
lt_cv_path_NM='/usr/bin/nm -B'
lt_cv_prog_compiler_c_o=yes
lt_cv_prog_compiler_c_o_CXX=yes
lt_cv_prog_compiler_pic_works=yes
lt_cv_prog_compiler_pic_works_CXX=yes
lt_cv_prog_compiler_rtti_exceptions=no
lt_cv_prog_compiler_static_works=no
lt_cv_prog_compiler_static_works_CXX=no
lt_cv_prog_gnu_ld=yes
lt_cv_prog_gnu_ldcxx=yes
lt_cv_sys_global_symbol_pipe='sed -n -e '\''s/^.*[	 ]\([ABCDGIRSTW][ABCDGIRSTW]*\)[	 ][	 ]*\([_A-Za-z][_A-Za-z0-9]*\)$/\1 \2 \2/p'\'''
lt_cv_sys_global_symbol_to_c_name_address='sed -n -e '\''s/^: \([^ ]*\) $/  {\"\1\", (void *) 0},/p'\'' -e '\''s/^[ABCDGIRSTW]* \([^ ]*\) \([^ ]*\)$/  {"\2", (void *) \&\2},/p'\'''
lt_cv_sys_global_symbol_to_c_name_address_lib_prefix='sed -n -e '\''s/^: \([^ ]*\) $/  {\"\1\", (void *) 0},/p'\'' -e '\''s/^[ABCDGIRSTW]* \([^ ]*\) \(lib[^ ]*\)$/  {"\2", (void *) \&\2},/p'\'' -e '\''s/^[ABCDGIRSTW]* \([^ ]*\) \([^ ]*\)$/  {"lib\2", (void *) \&\2},/p'\'''
lt_cv_sys_global_symbol_to_cdecl='sed -n -e '\''s/^T .* \(.*\)$/extern int \1();/p'\'' -e '\''s/^[ABCDGIRSTW]* .* \(.*\)$/extern char \1;/p'\'''
lt_cv_sys_max_cmd_len=1572864

## ----------------- ##
## Output variables. ##
## ----------------- ##

ACLOCAL='${SHELL} /mnt/ceph/src/gtest/build-aux/missing --run aclocal-1.11'
AMDEPBACKSLASH='\'
AMDEP_FALSE='#'
AMDEP_TRUE=''
AMTAR='${SHELL} /mnt/ceph/src/gtest/build-aux/missing --run tar'
AR='ar'
AUTOCONF='${SHELL} /mnt/ceph/src/gtest/build-aux/missing --run autoconf'
AUTOHEADER='${SHELL} /mnt/ceph/src/gtest/build-aux/missing --run autoheader'
AUTOMAKE='${SHELL} /mnt/ceph/src/gtest/build-aux/missing --run automake-1.11'
AWK='gawk'
CC='gcc'
CCDEPMODE='depmode=gcc3'
CFLAGS=' -O0 -g -Wextra -Wno-missing-field-initializers -Wno-missing-declarations -Wno-unused-parameter'
CPP='gcc -E'
CPPFLAGS=''
CXX='g++'
CXXCPP='g++ -E'
CXXDEPMODE='depmode=gcc3'
CXXFLAGS='  -O0 -g -Wextra -Wno-missing-field-initializers -Wno-missing-declarations -Wno-unused-parameter'
CYGPATH_W='echo'
DEFS='-DHAVE_CONFIG_H'
DEPDIR='.deps'
DSYMUTIL=''
DUMPBIN=''
ECHO_C=''
ECHO_N='-n'
ECHO_T=''
EGREP='/bin/grep -E'
EXEEXT=''
FGREP='/bin/grep -F'
GREP='/bin/grep'
HAVE_PTHREADS_FALSE='#'
HAVE_PTHREADS_TRUE=''
HAVE_PYTHON_FALSE='#'
HAVE_PYTHON_TRUE=''
INSTALL_DATA='${INSTALL} -m 644'
INSTALL_PROGRAM='${INSTALL}'
INSTALL_SCRIPT='${INSTALL}'
INSTALL_STRIP_PROGRAM='$(install_sh) -c -s'
LD='/usr/bin/ld -m elf_x86_64'
LDFLAGS=''
LIBOBJS=''
LIBS=''
LIBTOOL='$(SHELL) $(top_builddir)/libtool'
LIPO=''
LN_S='ln -s'
LTLIBOBJS=''
MAKEINFO='${SHELL} /mnt/ceph/src/gtest/build-aux/missing --run makeinfo'
MKDIR_P='/bin/mkdir -p'
NM='/usr/bin/nm -B'
NMEDIT=''
OBJDUMP='objdump'
OBJEXT='o'
OTOOL64=''
OTOOL=''
PACKAGE='gtest'
PACKAGE_BUGREPORT='googletestframework@googlegroups.com'
PACKAGE_NAME='Google C++ Testing Framework'
PACKAGE_STRING='Google C++ Testing Framework 1.5.0'
PACKAGE_TARNAME='gtest'
PACKAGE_VERSION='1.5.0'
PATH_SEPARATOR=':'
PTHREAD_CC='gcc'
PTHREAD_CFLAGS='-pthread'
PTHREAD_LIBS=''
PYTHON='/usr/bin/python'
RANLIB='ranlib'
SED='/bin/sed'
SET_MAKE=''
SHELL='/bin/sh'
STRIP='strip'
VERSION='1.5.0'
ac_ct_CC='gcc'
ac_ct_CXX='g++'
ac_ct_DUMPBIN=''
acx_pthread_config=''
am__EXEEXT_FALSE=''
am__EXEEXT_TRUE='#'
am__fastdepCC_FALSE='#'
am__fastdepCC_TRUE=''
am__fastdepCXX_FALSE='#'
am__fastdepCXX_TRUE=''
am__include='include'
am__isrc=''
am__leading_dot='.'
am__quote=''
am__tar='${AMTAR} chof - "$$tardir"'
am__untar='${AMTAR} xf -'
bindir='${exec_prefix}/bin'
build='x86_64-unknown-linux-gnu'
build_alias=''
build_cpu='x86_64'
build_os='linux-gnu'
build_vendor='unknown'
datadir='${datarootdir}'
datarootdir='${prefix}/share'
docdir='${datarootdir}/doc/${PACKAGE_TARNAME}'
dvidir='${docdir}'
exec_prefix='${prefix}'
host='x86_64-unknown-linux-gnu'
host_alias=''
host_cpu='x86_64'
host_os='linux-gnu'
host_vendor='unknown'
htmldir='${docdir}'
includedir='${prefix}/include'
infodir='${datarootdir}/info'
install_sh='${SHELL} /mnt/ceph/src/gtest/build-aux/install-sh'
libdir='${exec_prefix}/lib'
libexecdir='${exec_prefix}/libexec'
localedir='${datarootdir}/locale'
localstatedir='/var'
lt_ECHO='echo'
mandir='${datarootdir}/man'
mkdir_p='/bin/mkdir -p'
oldincludedir='/usr/include'
pdfdir='${docdir}'
prefix='/usr'
program_transform_name='s,x,x,'
psdir='${docdir}'
sbindir='/sbin'
sharedstatedir='${prefix}/com'
sysconfdir='/etc'
target_alias=''

## ----------- ##
## confdefs.h. ##
## ----------- ##

#define PACKAGE_NAME "Google C++ Testing Framework"
#define PACKAGE_TARNAME "gtest"
#define PACKAGE_VERSION "1.5.0"
#define PACKAGE_STRING "Google C++ Testing Framework 1.5.0"
#define PACKAGE_BUGREPORT "googletestframework@googlegroups.com"
#define PACKAGE "gtest"
#define VERSION "1.5.0"
#define STDC_HEADERS 1
#define HAVE_SYS_TYPES_H 1
#define HAVE_SYS_STAT_H 1
#define HAVE_STDLIB_H 1
#define HAVE_STRING_H 1
#define HAVE_MEMORY_H 1
#define HAVE_STRINGS_H 1
#define HAVE_INTTYPES_H 1
#define HAVE_STDINT_H 1
#define HAVE_UNISTD_H 1
#define HAVE_DLFCN_H 1
#define LT_OBJDIR ".libs/"
#define HAVE_PTHREAD 1

configure: exit 0
